Library/Bee/Android/Prj/Mono2x/Gradle/launcher/build/intermediates/manifest_merge_blame_file/release/manifest-merger-blame-release-report.txt
1<?xml version="1.0" encoding="utf-8"?>
2<manifest xmlns:android="http://schemas.android.com/apk/res/android"
3    package="com.DefaultCompany.ElectronicField"
4    android:installLocation="preferExternal"
5    android:versionCode="1"
6    android:versionName="0.1" >
7
8    <uses-sdk
9        android:minSdkVersion="26"
9-->src/main/AndroidManifest.xml
10        android:targetSdkVersion="30" />
10-->src/main/AndroidManifest.xml
11
12    <supports-screens
12-->src/main/AndroidManifest.xml:3:3-163
13        android:anyDensity="true"
13-->src/main/AndroidManifest.xml:3:135-160
14        android:largeScreens="true"
14-->src/main/AndroidManifest.xml:3:78-105
15        android:normalScreens="true"
15-->src/main/AndroidManifest.xml:3:49-77
16        android:smallScreens="true"
16-->src/main/AndroidManifest.xml:3:21-48
17        android:xlargeScreens="true" />
17-->src/main/AndroidManifest.xml:3:106-134
18
19    <uses-feature android:glEsVersion="0x00030000" />
19-->[:unityLibrary] AndroidManifest.xml:12:5-54
19-->[:unityLibrary] AndroidManifest.xml:12:19-51
20    <uses-feature
20-->[:unityLibrary] AndroidManifest.xml:13:5-15:36
21        android:name="android.hardware.vulkan.version"
21-->[:unityLibrary] AndroidManifest.xml:14:9-55
22        android:required="false" />
22-->[:unityLibrary] AndroidManifest.xml:15:9-33
23
24    <uses-permission android:name="android.permission.INTERNET" />
24-->[:unityLibrary] AndroidManifest.xml:17:5-67
24-->[:unityLibrary] AndroidManifest.xml:17:22-64
25
26    <uses-feature
26-->[:unityLibrary] AndroidManifest.xml:19:5-21:36
27        android:name="android.hardware.touchscreen"
27-->[:unityLibrary] AndroidManifest.xml:20:9-52
28        android:required="false" />
28-->[:unityLibrary] AndroidManifest.xml:21:9-33
29    <uses-feature
29-->[:unityLibrary] AndroidManifest.xml:22:5-24:36
30        android:name="android.hardware.touchscreen.multitouch"
30-->[:unityLibrary] AndroidManifest.xml:23:9-63
31        android:required="false" />
31-->[:unityLibrary] AndroidManifest.xml:24:9-33
32    <uses-feature
32-->[:unityLibrary] AndroidManifest.xml:25:5-27:36
33        android:name="android.hardware.touchscreen.multitouch.distinct"
33-->[:unityLibrary] AndroidManifest.xml:26:9-72
34        android:required="false" />
34-->[:unityLibrary] AndroidManifest.xml:27:9-33
35
36    <uses-permission android:name="android.permission.CAMERA" />
36-->[:zcv:] AndroidManifest.xml:9:5-65
36-->[:zcv:] AndroidManifest.xml:9:22-62
37
38    <application
38-->src/main/AndroidManifest.xml:4:3-83
39        android:extractNativeLibs="true"
39-->[:unityLibrary] AndroidManifest.xml:29:18-50
40        android:icon="@mipmap/app_icon"
40-->src/main/AndroidManifest.xml:4:49-80
41        android:label="@string/app_name" >
41-->src/main/AndroidManifest.xml:4:16-48
42        <activity
42-->[:unityLibrary] AndroidManifest.xml:30:9-62:20
43            android:name="com.unity3d.player.UnityPlayerActivity"
43-->[:unityLibrary] AndroidManifest.xml:31:13-66
44            android:configChanges="mcc|mnc|locale|touchscreen|keyboard|keyboardHidden|navigation|orientation|screenLayout|uiMode|screenSize|smallestScreenSize|fontScale|layoutDirection|density"
44-->[:unityLibrary] AndroidManifest.xml:32:13-194
45            android:hardwareAccelerated="false"
45-->[:unityLibrary] AndroidManifest.xml:33:13-48
46            android:launchMode="singleTask"
46-->[:unityLibrary] AndroidManifest.xml:34:13-44
47            android:resizeableActivity="false"
47-->[:unityLibrary] AndroidManifest.xml:35:13-47
48            android:screenOrientation="fullUser"
48-->[:unityLibrary] AndroidManifest.xml:36:13-49
49            android:theme="@style/UnityThemeSelector" >
49-->[:unityLibrary] AndroidManifest.xml:37:13-54
50            <intent-filter>
50-->[:unityLibrary] AndroidManifest.xml:38:13-42:29
51                <action android:name="android.intent.action.MAIN" />
51-->[:unityLibrary] AndroidManifest.xml:39:17-69
51-->[:unityLibrary] AndroidManifest.xml:39:25-66
52
53                <category android:name="android.intent.category.LAUNCHER" />
53-->[:unityLibrary] AndroidManifest.xml:41:17-77
53-->[:unityLibrary] AndroidManifest.xml:41:27-74
54            </intent-filter>
55
56            <meta-data
56-->[:unityLibrary] AndroidManifest.xml:44:13-46:40
57                android:name="unityplayer.UnityActivity"
57-->[:unityLibrary] AndroidManifest.xml:45:17-57
58                android:value="true" />
58-->[:unityLibrary] AndroidManifest.xml:46:17-37
59
60            <intent-filter>
60-->[:unityLibrary] AndroidManifest.xml:48:13-57:29
61                <action android:name="android.intent.action.VIEW" />
61-->[:unityLibrary] AndroidManifest.xml:49:17-69
61-->[:unityLibrary] AndroidManifest.xml:49:25-66
62
63                <category android:name="android.intent.category.DEFAULT" />
63-->[:unityLibrary] AndroidManifest.xml:51:17-76
63-->[:unityLibrary] AndroidManifest.xml:51:27-73
64                <category android:name="android.intent.category.BROWSABLE" />
64-->[:unityLibrary] AndroidManifest.xml:52:17-78
64-->[:unityLibrary] AndroidManifest.xml:52:27-75
65
66                <data
66-->[:unityLibrary] AndroidManifest.xml:54:17-56:48
67                    android:host="mylink"
67-->[:unityLibrary] AndroidManifest.xml:55:21-42
68                    android:scheme="unitydl" />
68-->[:unityLibrary] AndroidManifest.xml:56:21-45
69            </intent-filter>
70
71            <meta-data
71-->[:unityLibrary] AndroidManifest.xml:59:13-61:40
72                android:name="android.notch_support"
72-->[:unityLibrary] AndroidManifest.xml:60:17-53
73                android:value="true" />
73-->[:unityLibrary] AndroidManifest.xml:61:17-37
74        </activity>
75
76        <meta-data
76-->[:unityLibrary] AndroidManifest.xml:64:9-66:33
77            android:name="unity.splash-mode"
77-->[:unityLibrary] AndroidManifest.xml:65:13-45
78            android:value="0" />
78-->[:unityLibrary] AndroidManifest.xml:66:13-30
79        <meta-data
79-->[:unityLibrary] AndroidManifest.xml:67:9-69:36
80            android:name="unity.splash-enable"
80-->[:unityLibrary] AndroidManifest.xml:68:13-47
81            android:value="True" />
81-->[:unityLibrary] AndroidManifest.xml:69:13-33
82        <meta-data
82-->[:unityLibrary] AndroidManifest.xml:70:9-72:36
83            android:name="unity.launch-fullscreen"
83-->[:unityLibrary] AndroidManifest.xml:71:13-51
84            android:value="True" />
84-->[:unityLibrary] AndroidManifest.xml:72:13-33
85        <meta-data
85-->[:unityLibrary] AndroidManifest.xml:73:9-75:50
86            android:name="notch.config"
86-->[:unityLibrary] AndroidManifest.xml:74:13-40
87            android:value="portrait|landscape" />
87-->[:unityLibrary] AndroidManifest.xml:75:13-47
88        <meta-data
88-->[:unityLibrary] AndroidManifest.xml:76:9-78:36
89            android:name="unity.auto-report-fully-drawn"
89-->[:unityLibrary] AndroidManifest.xml:77:13-57
90            android:value="true" />
90-->[:unityLibrary] AndroidManifest.xml:78:13-33
91
92        <activity
92-->[:zcv:] AndroidManifest.xml:13:9-15:49
93            android:name="com.zappar.zcv.PermissionsActivity"
93-->[:zcv:] AndroidManifest.xml:14:13-62
94            android:excludeFromRecents="true" />
94-->[:zcv:] AndroidManifest.xml:15:13-46
95    </application>
96
97</manifest>